2026-03-10 22:07:29,239 | INFO | Logging to /home/cs29824/andre/sae_steering_toolkit/logs/E1/E1_20260310_220729.log
2026-03-10 22:07:29,240 | INFO | Loading model + SAEs...
2026-03-10 22:08:29,182 | INFO | Model loaded.
2026-03-10 22:08:29,204 | INFO | Participants: 100 calib, 66 test
2026-03-10 22:08:29,204 | INFO | 
============================================================
2026-03-10 22:08:29,204 | INFO | Running EG0 baseline (unsteered)...
2026-03-10 22:08:29,205 | INFO | ============================================================
2026-03-10 22:08:35,697 | INFO |   Item1: conf=0.74 acc=1.00 cats=['Correct', 'Correct', 'Correct', 'Correct', 'Correct', 'Correct']
2026-03-10 22:08:49,073 | INFO |   Item2: conf=0.68 acc=1.00 cats=['Correct', 'Correct', 'Correct', 'Correct', 'Correct', 'Correct']
2026-03-10 22:08:59,685 | INFO |   Item3: conf=0.65 acc=1.00 cats=['Correct', 'Correct', 'Correct', 'Correct', 'Correct', 'Correct']
2026-03-10 22:09:10,973 | INFO |   Item4: conf=0.66 acc=1.00 cats=['Correct', 'Correct', 'Correct', 'Correct', 'Correct', 'Correct']
2026-03-10 22:09:22,816 | INFO |   Item5: conf=0.68 acc=1.00 cats=['Correct', 'Correct', 'Correct', 'Correct', 'Correct', 'Correct']
2026-03-10 22:09:37,418 | INFO |   Item6: conf=0.74 acc=1.00 cats=['Correct', 'Correct', 'Correct', 'Correct', 'Correct', 'Correct']
2026-03-10 22:09:45,723 | INFO |   Item7: conf=0.68 acc=1.00 cats=['Correct', 'Correct', 'Correct', 'Correct', 'Correct', 'Correct']
2026-03-10 22:09:56,194 | INFO |   Item8: conf=0.65 acc=1.00 cats=['Correct', 'Correct', 'Correct', 'Correct', 'Correct', 'Correct']
2026-03-10 22:10:07,578 | INFO |   Item9: conf=0.70 acc=1.00 cats=['Correct', 'Correct', 'Correct', 'Correct', 'Correct', 'Correct']
2026-03-10 22:10:19,856 | INFO |   Item10: conf=0.68 acc=1.00 cats=['Correct', 'Correct', 'Correct', 'Correct', 'Correct', 'Correct']
2026-03-10 22:10:30,739 | INFO |   Item11: conf=0.70 acc=1.00 cats=['Correct', 'Correct', 'Correct', 'Correct', 'Correct', 'Correct']
2026-03-10 22:10:41,522 | INFO |   Item12: conf=0.70 acc=1.00 cats=['Correct', 'Correct', 'Correct', 'Correct', 'Correct', 'Correct']
2026-03-10 22:10:50,033 | INFO |   Item13: conf=0.75 acc=1.00 cats=['Correct', 'Correct', 'Correct', 'Correct', 'Correct', 'Correct']
2026-03-10 22:11:01,616 | INFO |   Item14: conf=0.63 acc=1.00 cats=['Correct', 'Correct', 'Correct', 'Correct', 'Correct', 'Correct']
2026-03-10 22:11:13,636 | INFO |   Item15: conf=0.68 acc=1.00 cats=['Correct', 'Correct', 'Correct', 'Correct', 'Correct', 'Correct']
2026-03-10 22:11:22,382 | INFO |   Item16: conf=0.74 acc=1.00 cats=['Correct', 'Correct', 'Correct', 'Correct', 'Correct', 'Correct']
2026-03-10 22:11:34,499 | INFO |   Item17: conf=0.65 acc=1.00 cats=['Correct', 'Correct', 'Correct', 'Correct', 'Correct', 'Correct']
2026-03-10 22:11:46,263 | INFO |   Item18: conf=0.66 acc=1.00 cats=['Correct', 'Correct', 'Correct', 'Correct', 'Correct', 'Correct']
2026-03-10 22:12:02,294 | INFO |   Item19: conf=0.65 acc=1.00 cats=['Correct', 'Correct', 'Correct', 'Correct', 'Correct', 'Correct']
2026-03-10 22:12:18,670 | INFO |   Item20: conf=0.63 acc=1.00 cats=['Correct', 'Correct', 'Correct', 'Correct', 'Correct', 'Correct']
2026-03-10 22:12:28,208 | INFO |   Item21: conf=0.65 acc=1.00 cats=['Correct', 'Correct', 'Correct', 'Correct', 'Correct', 'Correct']
2026-03-10 22:12:43,806 | INFO |   Item22: conf=0.72 acc=0.00 cats=['Lure', 'Lure', 'Lure', 'Other', 'Lure', 'Lure']
2026-03-10 22:13:00,666 | INFO |   Item23: conf=0.70 acc=0.33 cats=['Correct', 'Other', 'Unsure', 'Other', 'Correct', 'Lure']
2026-03-10 22:13:09,187 | INFO |   Item24: conf=0.72 acc=1.00 cats=['Correct', 'Correct', 'Correct', 'Correct', 'Correct', 'Correct']
2026-03-10 22:13:19,039 | INFO |   Item25: conf=0.69 acc=0.83 cats=['Correct', 'Correct', 'Correct', 'Correct', 'Lure', 'Correct']
2026-03-10 22:13:28,502 | INFO |   Item26: conf=0.62 acc=1.00 cats=['Correct', 'Correct', 'Correct', 'Correct', 'Correct', 'Correct']
2026-03-10 22:13:37,858 | INFO |   Item27: conf=0.78 acc=1.00 cats=['Correct', 'Correct', 'Correct', 'Correct', 'Correct', 'Correct']
