2026-03-11 19:30:50,253 | INFO | Logging to /home/cs29824/andre/sae_steering_toolkit/logs/E1/E1_20260311_193050.log
2026-03-11 19:30:50,254 | INFO | Loading model + SAEs...
2026-03-11 19:31:55,581 | INFO | Model loaded.
2026-03-11 19:31:55,605 | INFO | Participants: 100 calib, 66 test
2026-03-11 19:31:55,605 | INFO | 
============================================================
2026-03-11 19:31:55,605 | INFO | Running EG0 baseline (unsteered)...
2026-03-11 19:31:55,605 | INFO | ============================================================
2026-03-11 19:31:55,626 | INFO | Resuming: 79/79 items cached
2026-03-11 19:31:55,638 | INFO | Saved /home/cs29824/andre/sae_steering_toolkit/results/E1/E1_baseline_EG0.json
2026-03-11 19:31:55,663 | INFO | EG0 Results:
2026-03-11 19:31:55,663 | INFO |   ECE:            0.2051
2026-03-11 19:31:55,663 | INFO |   Conf-Acc corr:  0.3497
2026-03-11 19:31:55,663 | INFO |   Loss:           0.4277
2026-03-11 19:31:55,663 | INFO |   r(model,human): 0.2864  p=0.010502
2026-03-11 19:31:55,664 | INFO |   Model conf:     0.679
2026-03-11 19:31:55,664 | INFO |   Human conf:     0.598
2026-03-11 19:31:55,664 | INFO | 
Combined loss: 0.4277, Combined ECE: 0.2051
2026-03-11 19:31:55,664 | INFO | Generating plots...
2026-03-11 19:31:58,666 | INFO | All plots saved to /home/cs29824/andre/sae_steering_toolkit/results/E1/plots
2026-03-11 19:31:58,666 | INFO | E1 complete.
