2026-03-11 04:51:16,427 | INFO | Logging to /home/cs29824/andre/sae_steering_toolkit/logs/E3/E3_20260311_045116.log
2026-03-11 04:51:16,428 | INFO | Optimal alpha*: unsure=60, refusal=20
2026-03-11 04:51:16,430 | INFO | Baseline accuracy by EG: {0: 0.7004219409282701}
2026-03-11 04:51:16,430 | INFO | Loading model + SAEs...
2026-03-11 04:52:25,614 | INFO | Model loaded.
2026-03-11 04:52:25,637 | INFO | Loaded 1 cached conditions
2026-03-11 04:52:25,638 | INFO | Running ctrl_topic_A x EG0...
2026-03-11 04:52:31,004 | INFO |   Item1: conf=0.66 acc=1.00 cats=['Correct', 'Correct', 'Correct']
2026-03-11 04:52:36,124 | INFO |   Item2: conf=0.69 acc=1.00 cats=['Correct', 'Correct', 'Correct']
2026-03-11 04:52:41,145 | INFO |   Item3: conf=0.63 acc=1.00 cats=['Correct', 'Correct', 'Correct']
2026-03-11 04:52:47,138 | INFO |   Item4: conf=0.70 acc=1.00 cats=['Correct', 'Correct', 'Correct']
2026-03-11 04:52:51,643 | INFO |   Item5: conf=0.71 acc=1.00 cats=['Correct', 'Correct', 'Correct']
2026-03-11 04:52:56,649 | INFO |   Item6: conf=0.73 acc=1.00 cats=['Correct', 'Correct', 'Correct']
2026-03-11 04:53:00,043 | INFO |   Item7: conf=0.73 acc=1.00 cats=['Correct', 'Correct', 'Correct']
2026-03-11 04:53:06,182 | INFO |   Item8: conf=0.71 acc=1.00 cats=['Correct', 'Correct', 'Correct']
2026-03-11 04:53:12,393 | INFO |   Item9: conf=0.66 acc=1.00 cats=['Correct', 'Correct', 'Correct']
2026-03-11 04:53:17,277 | INFO |   Item10: conf=0.73 acc=1.00 cats=['Correct', 'Correct', 'Correct']
2026-03-11 04:53:21,223 | INFO |   Item11: conf=0.77 acc=1.00 cats=['Correct', 'Correct', 'Correct']
2026-03-11 04:53:26,345 | INFO |   Item12: conf=0.69 acc=1.00 cats=['Correct', 'Correct', 'Correct']
2026-03-11 04:53:32,549 | INFO |   Item13: conf=0.70 acc=1.00 cats=['Correct', 'Correct', 'Correct']
2026-03-11 04:53:39,007 | INFO |   Item14: conf=0.71 acc=1.00 cats=['Correct', 'Correct', 'Correct']
2026-03-11 04:53:44,151 | INFO |   Item15: conf=0.70 acc=1.00 cats=['Correct', 'Correct', 'Correct']
2026-03-11 04:53:48,998 | INFO |   Item16: conf=0.76 acc=1.00 cats=['Correct', 'Correct', 'Correct']
2026-03-11 04:53:54,145 | INFO |   Item17: conf=0.67 acc=1.00 cats=['Correct', 'Correct', 'Correct']
2026-03-11 04:54:00,000 | INFO |   Item18: conf=0.72 acc=1.00 cats=['Correct', 'Correct', 'Correct']
2026-03-11 04:54:05,020 | INFO |   Item19: conf=0.65 acc=1.00 cats=['Correct', 'Correct', 'Correct']
2026-03-11 04:54:11,740 | INFO |   Item20: conf=0.61 acc=1.00 cats=['Correct', 'Correct', 'Correct']
2026-03-11 04:54:17,629 | INFO |   Item21: conf=0.66 acc=0.67 cats=['Correct', 'Lure', 'Correct']
2026-03-11 04:54:24,150 | INFO |   Item22: conf=0.73 acc=0.00 cats=['Unsure', 'Other', 'Lure']
2026-03-11 04:54:28,888 | INFO |   Item23: conf=0.70 acc=0.33 cats=['Correct', 'Lure', 'Unsure']
2026-03-11 04:54:33,317 | INFO |   Item24: conf=0.71 acc=1.00 cats=['Correct', 'Correct', 'Correct']
2026-03-11 04:54:37,258 | INFO |   Item25: conf=0.72 acc=1.00 cats=['Correct', 'Correct', 'Correct']
2026-03-11 04:54:42,046 | INFO |   Item26: conf=0.70 acc=1.00 cats=['Correct', 'Correct', 'Correct']
2026-03-11 04:54:46,349 | INFO |   Item27: conf=0.78 acc=1.00 cats=['Correct', 'Correct', 'Correct']
2026-03-11 04:54:50,334 | INFO |   Item28: conf=0.73 acc=0.67 cats=['Correct', 'Lure', 'Correct']
2026-03-11 04:54:58,141 | INFO |   Item29: conf=0.71 acc=0.00 cats=['Other', 'Other', 'Other']
2026-03-11 04:55:03,055 | INFO |   Item30: conf=0.72 acc=0.67 cats=['Lure', 'Correct', 'Correct']
2026-03-11 04:55:09,538 | INFO |   Item31: conf=0.67 acc=0.00 cats=['Lure', 'Lure', 'Lure']
2026-03-11 04:55:15,424 | INFO |   Item32: conf=0.72 acc=1.00 cats=['Correct', 'Correct', 'Correct']
2026-03-11 04:55:20,334 | INFO |   Item33: conf=0.76 acc=1.00 cats=['Correct', 'Correct', 'Correct']
2026-03-11 04:55:24,933 | INFO |   Item34: conf=0.71 acc=0.00 cats=['Lure', 'Lure', 'Lure']
2026-03-11 04:55:30,335 | INFO |   Item35: conf=0.74 acc=1.00 cats=['Correct', 'Correct', 'Correct']
2026-03-11 04:55:35,267 | INFO |   Item36: conf=0.68 acc=0.33 cats=['Lure', 'Lure', 'Correct']
2026-03-11 04:55:39,336 | INFO |   Item37: conf=0.75 acc=1.00 cats=['Correct', 'Correct', 'Correct']
2026-03-11 04:55:43,661 | INFO |   Item38: conf=0.73 acc=1.00 cats=['Correct', 'Correct', 'Correct']
2026-03-11 04:55:50,485 | INFO |   Item39: conf=0.72 acc=0.00 cats=['Other', 'Lure', 'Other']
2026-03-11 04:55:57,875 | INFO |   Item40: conf=0.66 acc=0.33 cats=['Lure', 'Lure', 'Correct']
2026-03-11 04:56:01,225 | INFO |   Item41: conf=0.77 acc=1.00 cats=['Correct', 'Correct', 'Correct']
2026-03-11 04:56:07,843 | INFO |   Item42: conf=0.69 acc=0.67 cats=['Correct', 'Other', 'Correct']
2026-03-11 04:56:12,997 | INFO |   Item43: conf=0.66 acc=1.00 cats=['Correct', 'Correct', 'Correct']
2026-03-11 04:56:19,368 | INFO |   Item44: conf=0.69 acc=0.67 cats=['Correct', 'Unsure', 'Correct']
2026-03-11 04:56:25,400 | INFO |   Item45: conf=0.73 acc=1.00 cats=['Correct', 'Correct', 'Correct']
2026-03-11 04:56:29,832 | INFO |   Item46: conf=0.68 acc=1.00 cats=['Correct', 'Correct', 'Correct']
2026-03-11 04:56:35,476 | INFO |   Item47: conf=0.64 acc=1.00 cats=['Correct', 'Correct', 'Correct']
2026-03-11 04:56:40,297 | INFO |   Item48: conf=0.65 acc=1.00 cats=['Correct', 'Correct', 'Correct']
2026-03-11 04:56:44,750 | INFO |   Item49: conf=0.71 acc=1.00 cats=['Correct', 'Correct', 'Correct']
2026-03-11 04:56:49,793 | INFO |   Item50: conf=0.73 acc=1.00 cats=['Correct', 'Correct', 'Correct']
2026-03-11 04:56:54,706 | INFO |   Item51: conf=0.66 acc=1.00 cats=['Correct', 'Correct', 'Correct']
2026-03-11 04:57:01,569 | INFO |   Item52: conf=0.66 acc=1.00 cats=['Correct', 'Correct', 'Correct']
2026-03-11 04:57:07,134 | INFO |   Item53: conf=0.70 acc=1.00 cats=['Correct', 'Correct', 'Correct']
2026-03-11 04:57:13,290 | INFO |   Item54: conf=0.63 acc=1.00 cats=['Correct', 'Correct', 'Correct']
2026-03-11 04:57:18,365 | INFO |   Item55: conf=0.71 acc=1.00 cats=['Correct', 'Correct', 'Correct']
2026-03-11 04:57:23,779 | INFO |   Item56: conf=0.66 acc=1.00 cats=['Correct', 'Correct', 'Correct']
2026-03-11 04:57:29,587 | INFO |   Item57: conf=0.62 acc=1.00 cats=['Correct', 'Correct', 'Correct']
2026-03-11 04:57:35,863 | INFO |   Item58: conf=0.67 acc=1.00 cats=['Correct', 'Correct', 'Correct']
2026-03-11 04:57:41,579 | INFO |   Item59: conf=0.70 acc=1.00 cats=['Correct', 'Correct', 'Correct']
2026-03-11 04:57:48,727 | INFO |   Item60: conf=0.61 acc=1.00 cats=['Correct', 'Correct', 'Correct']
2026-03-11 04:57:55,958 | INFO |   Item61: conf=0.72 acc=0.00 cats=['Unsure', 'Unsure', 'Lure']
2026-03-11 04:58:01,476 | INFO |   Item62: conf=0.72 acc=0.00 cats=['Lure', 'Other', 'Other']
2026-03-11 04:58:08,090 | INFO |   Item63: conf=0.74 acc=1.00 cats=['Correct', 'Correct', 'Correct']
2026-03-11 04:58:13,868 | INFO |   Item64: conf=0.73 acc=0.00 cats=['Other', 'Other', 'Other']
2026-03-11 04:58:20,396 | INFO |   Item65: conf=0.73 acc=0.33 cats=['Lure', 'Correct', 'Lure']
2026-03-11 04:58:26,394 | INFO |   Item66: conf=0.73 acc=0.00 cats=['Lure', 'Lure', 'Lure']
2026-03-11 04:58:33,033 | INFO |   Item67: conf=0.72 acc=0.00 cats=['Other', 'Other', 'Other']
2026-03-11 04:58:37,377 | INFO |   Item69: conf=0.71 acc=1.00 cats=['Correct', 'Correct', 'Correct']
2026-03-11 04:58:45,502 | INFO |   Item70: conf=0.56 acc=0.00 cats=['Unsure', 'Unsure', 'Unsure']
2026-03-11 04:58:51,506 | INFO |   Item71: conf=0.56 acc=0.00 cats=['Unsure', 'Other', 'Unsure']
2026-03-11 04:58:58,751 | INFO |   Item72: conf=0.55 acc=0.00 cats=['Lure', 'Unsure', 'Lure']
2026-03-11 04:59:05,023 | INFO |   Item73: conf=0.59 acc=0.00 cats=['Unsure', 'Unsure', 'Other']
2026-03-11 04:59:12,792 | INFO |   Item74: conf=0.54 acc=0.00 cats=['Lure', 'Lure', 'Unsure']
2026-03-11 04:59:20,070 | INFO |   Item75: conf=0.65 acc=0.00 cats=['Other', 'Other', 'Other']
2026-03-11 04:59:25,461 | INFO |   Item76: conf=0.66 acc=0.33 cats=['Unsure', 'Correct', 'Lure']
2026-03-11 04:59:30,980 | INFO |   Item77: conf=0.60 acc=0.00 cats=['Lure', 'Lure', 'Other']
2026-03-11 04:59:38,230 | INFO |   Item78: conf=0.57 acc=0.67 cats=['Other', 'Correct', 'Correct']
2026-03-11 04:59:44,130 | INFO |   Item79: conf=0.52 acc=0.67 cats=['Correct', 'Unsure', 'Correct']
2026-03-11 04:59:53,416 | INFO |   Item80: conf=0.56 acc=0.00 cats=['Other', 'Lure', 'Unsure']
2026-03-11 04:59:53,428 | INFO |   ctrl_topic_A_EG0: L_adj=0.4463 L_raw=0.4463 ECE=0.1995 corr=0.3068 acc=0.7004
2026-03-11 04:59:53,429 | INFO | Running ctrl_random_B x EG0...
2026-03-11 04:59:56,321 | INFO |   Item1: conf=0.75 acc=1.00 cats=['Correct', 'Correct', 'Correct']
2026-03-11 05:00:00,659 | INFO |   Item2: conf=0.67 acc=1.00 cats=['Correct', 'Correct', 'Correct']
2026-03-11 05:00:05,435 | INFO |   Item3: conf=0.65 acc=1.00 cats=['Correct', 'Correct', 'Correct']
2026-03-11 05:00:09,879 | INFO |   Item4: conf=0.69 acc=1.00 cats=['Correct', 'Correct', 'Correct']
2026-03-11 05:00:13,620 | INFO |   Item5: conf=0.74 acc=1.00 cats=['Correct', 'Correct', 'Correct']
2026-03-11 05:00:18,657 | INFO |   Item6: conf=0.74 acc=1.00 cats=['Correct', 'Correct', 'Correct']
2026-03-11 05:00:22,089 | INFO |   Item7: conf=0.73 acc=1.00 cats=['Correct', 'Correct', 'Correct']
2026-03-11 05:00:26,631 | INFO |   Item8: conf=0.69 acc=1.00 cats=['Correct', 'Correct', 'Correct']
2026-03-11 05:00:31,396 | INFO |   Item9: conf=0.69 acc=1.00 cats=['Correct', 'Correct', 'Correct']
2026-03-11 05:00:34,988 | INFO |   Item10: conf=0.76 acc=1.00 cats=['Correct', 'Correct', 'Correct']
2026-03-11 05:00:38,583 | INFO |   Item11: conf=0.80 acc=1.00 cats=['Correct', 'Correct', 'Correct']
2026-03-11 05:00:42,891 | INFO |   Item12: conf=0.72 acc=1.00 cats=['Correct', 'Correct', 'Correct']
2026-03-11 05:00:47,420 | INFO |   Item13: conf=0.71 acc=1.00 cats=['Correct', 'Correct', 'Correct']
2026-03-11 05:00:51,955 | INFO |   Item14: conf=0.74 acc=1.00 cats=['Correct', 'Correct', 'Correct']
2026-03-11 05:00:55,665 | INFO |   Item15: conf=0.70 acc=1.00 cats=['Correct', 'Correct', 'Correct']
2026-03-11 05:00:59,989 | INFO |   Item16: conf=0.79 acc=1.00 cats=['Correct', 'Correct', 'Correct']
2026-03-11 05:01:04,606 | INFO |   Item17: conf=0.68 acc=1.00 cats=['Correct', 'Correct', 'Correct']
2026-03-11 05:01:08,228 | INFO |   Item18: conf=0.78 acc=1.00 cats=['Correct', 'Correct', 'Correct']
2026-03-11 05:01:12,957 | INFO |   Item19: conf=0.68 acc=1.00 cats=['Correct', 'Correct', 'Correct']
2026-03-11 05:01:18,883 | INFO |   Item20: conf=0.70 acc=1.00 cats=['Correct', 'Correct', 'Correct']
2026-03-11 05:01:23,113 | INFO |   Item21: conf=0.68 acc=1.00 cats=['Correct', 'Correct', 'Correct']
2026-03-11 05:01:27,600 | INFO |   Item22: conf=0.72 acc=0.00 cats=['Lure', 'Lure', 'Lure']
2026-03-11 05:01:32,354 | INFO |   Item23: conf=0.75 acc=0.33 cats=['Unsure', 'Correct', 'Unsure']
2026-03-11 05:01:36,313 | INFO |   Item24: conf=0.77 acc=1.00 cats=['Correct', 'Correct', 'Correct']
2026-03-11 05:01:40,262 | INFO |   Item25: conf=0.72 acc=1.00 cats=['Correct', 'Correct', 'Correct']
2026-03-11 05:01:44,094 | INFO |   Item26: conf=0.70 acc=1.00 cats=['Correct', 'Correct', 'Correct']
2026-03-11 05:01:48,526 | INFO |   Item27: conf=0.78 acc=1.00 cats=['Correct', 'Correct', 'Correct']
2026-03-11 05:01:53,621 | INFO |   Item28: conf=0.74 acc=0.00 cats=['Lure', 'Lure', 'Lure']
2026-03-11 05:01:58,549 | INFO |   Item29: conf=0.71 acc=0.00 cats=['Lure', 'Lure', 'Lure']
2026-03-11 05:02:01,996 | INFO |   Item30: conf=0.74 acc=1.00 cats=['Correct', 'Correct', 'Correct']
2026-03-11 05:02:05,601 | INFO |   Item31: conf=0.74 acc=0.00 cats=['Lure', 'Lure', 'Lure']
2026-03-11 05:02:09,563 | INFO |   Item32: conf=0.72 acc=1.00 cats=['Correct', 'Correct', 'Correct']
2026-03-11 05:02:13,395 | INFO |   Item33: conf=0.76 acc=1.00 cats=['Correct', 'Correct', 'Correct']
2026-03-11 05:02:18,036 | INFO |   Item34: conf=0.71 acc=0.00 cats=['Lure', 'Lure', 'Lure']
2026-03-11 05:02:21,391 | INFO |   Item35: conf=0.74 acc=1.00 cats=['Correct', 'Correct', 'Correct']
2026-03-11 05:02:27,009 | INFO |   Item36: conf=0.68 acc=0.00 cats=['Other', 'Unsure', 'Lure']
2026-03-11 05:02:30,962 | INFO |   Item37: conf=0.75 acc=1.00 cats=['Correct', 'Correct', 'Correct']
2026-03-11 05:02:34,813 | INFO |   Item38: conf=0.73 acc=1.00 cats=['Correct', 'Correct', 'Correct']
2026-03-11 05:02:39,445 | INFO |   Item39: conf=0.72 acc=0.33 cats=['Lure', 'Correct', 'Lure']
2026-03-11 05:02:44,247 | INFO |   Item40: conf=0.72 acc=0.33 cats=['Lure', 'Correct', 'Lure']
2026-03-11 05:02:47,851 | INFO |   Item41: conf=0.77 acc=1.00 cats=['Correct', 'Correct', 'Correct']
2026-03-11 05:02:52,062 | INFO |   Item42: conf=0.76 acc=1.00 cats=['Correct', 'Correct', 'Correct']
2026-03-11 05:02:55,575 | INFO |   Item43: conf=0.75 acc=1.00 cats=['Correct', 'Correct', 'Correct']
2026-03-11 05:03:00,711 | INFO |   Item44: conf=0.73 acc=1.00 cats=['Correct', 'Correct', 'Correct']
2026-03-11 05:03:05,348 | INFO |   Item45: conf=0.73 acc=1.00 cats=['Correct', 'Correct', 'Correct']
2026-03-11 05:03:08,577 | INFO |   Item46: conf=0.76 acc=1.00 cats=['Correct', 'Correct', 'Correct']
2026-03-11 05:03:12,419 | INFO |   Item47: conf=0.76 acc=1.00 cats=['Correct', 'Correct', 'Correct']
2026-03-11 05:03:16,599 | INFO |   Item48: conf=0.71 acc=1.00 cats=['Correct', 'Correct', 'Correct']
2026-03-11 05:03:20,083 | INFO |   Item49: conf=0.76 acc=1.00 cats=['Correct', 'Correct', 'Correct']
2026-03-11 05:03:24,195 | INFO |   Item50: conf=0.69 acc=1.00 cats=['Correct', 'Correct', 'Correct']
2026-03-11 05:03:28,224 | INFO |   Item51: conf=0.67 acc=1.00 cats=['Correct', 'Correct', 'Correct']
2026-03-11 05:03:32,602 | INFO |   Item52: conf=0.71 acc=1.00 cats=['Correct', 'Correct', 'Correct']
2026-03-11 05:03:37,127 | INFO |   Item53: conf=0.76 acc=1.00 cats=['Correct', 'Correct', 'Correct']
2026-03-11 05:03:44,194 | INFO |   Item54: conf=0.63 acc=1.00 cats=['Correct', 'Correct', 'Correct']
2026-03-11 05:03:47,999 | INFO |   Item55: conf=0.71 acc=1.00 cats=['Correct', 'Correct', 'Correct']
2026-03-11 05:03:52,739 | INFO |   Item56: conf=0.70 acc=0.67 cats=['Other', 'Correct', 'Correct']
2026-03-11 05:03:57,085 | INFO |   Item57: conf=0.62 acc=0.33 cats=['Other', 'Unsure', 'Correct']
2026-03-11 05:04:02,385 | INFO |   Item58: conf=0.75 acc=1.00 cats=['Correct', 'Correct', 'Correct']
2026-03-11 05:04:06,339 | INFO |   Item59: conf=0.82 acc=1.00 cats=['Correct', 'Correct', 'Correct']
2026-03-11 05:04:12,794 | INFO |   Item60: conf=0.59 acc=1.00 cats=['Correct', 'Correct', 'Correct']
2026-03-11 05:04:17,656 | INFO |   Item61: conf=0.72 acc=0.00 cats=['Other', 'Lure', 'Lure']
2026-03-11 05:04:22,102 | INFO |   Item62: conf=0.71 acc=0.33 cats=['Lure', 'Correct', 'Lure']
2026-03-11 05:04:26,166 | INFO |   Item63: conf=0.74 acc=1.00 cats=['Correct', 'Correct', 'Correct']
2026-03-11 05:04:31,625 | INFO |   Item64: conf=0.73 acc=0.33 cats=['Lure', 'Unsure', 'Correct']
2026-03-11 05:04:37,770 | INFO |   Item65: conf=0.73 acc=0.00 cats=['Lure', 'Lure', 'Lure']
2026-03-11 05:04:40,877 | INFO |   Item66: conf=0.75 acc=0.00 cats=['Lure', 'Lure', 'Lure']
2026-03-11 05:04:45,532 | INFO |   Item67: conf=0.73 acc=0.00 cats=['Lure', 'Lure', 'Lure']
2026-03-11 05:04:49,844 | INFO |   Item69: conf=0.71 acc=1.00 cats=['Correct', 'Correct', 'Correct']
2026-03-11 05:04:55,657 | INFO |   Item70: conf=0.55 acc=0.00 cats=['Other', 'Unsure', 'Other']
2026-03-11 05:04:59,500 | INFO |   Item71: conf=0.58 acc=0.67 cats=['Correct', 'Other', 'Correct']
2026-03-11 05:05:05,724 | INFO |   Item72: conf=0.54 acc=0.00 cats=['Lure', 'Unsure', 'Other']
2026-03-11 05:05:10,862 | INFO |   Item73: conf=0.68 acc=1.00 cats=['Correct', 'Correct', 'Correct']
2026-03-11 05:05:15,500 | INFO |   Item74: conf=0.59 acc=0.33 cats=['Lure', 'Lure', 'Correct']
2026-03-11 05:05:22,039 | INFO |   Item75: conf=0.62 acc=0.33 cats=['Correct', 'Other', 'Other']
2026-03-11 05:05:28,540 | INFO |   Item76: conf=0.61 acc=0.67 cats=['Correct', 'Lure', 'Correct']
2026-03-11 05:05:35,166 | INFO |   Item77: conf=0.58 acc=0.00 cats=['Unsure', 'Unsure', 'Lure']
2026-03-11 05:05:40,612 | INFO |   Item78: conf=0.57 acc=0.33 cats=['Lure', 'Correct', 'Unsure']
2026-03-11 05:05:48,162 | INFO |   Item79: conf=0.55 acc=0.33 cats=['Lure', 'Lure', 'Correct']
2026-03-11 05:05:53,568 | INFO |   Item80: conf=0.58 acc=0.00 cats=['Other', 'Other', 'Unsure']
2026-03-11 05:05:53,581 | INFO |   ctrl_random_B_EG0: L_adj=0.3955 L_raw=0.4098 ECE=0.2014 corr=0.3819 acc=0.7257
2026-03-11 05:05:53,581 | INFO | Running ctrl_random_C x EG0...
2026-03-11 05:05:59,202 | INFO |   Item1: conf=0.65 acc=1.00 cats=['Correct', 'Correct', 'Correct']
2026-03-11 05:06:04,856 | INFO |   Item2: conf=0.69 acc=1.00 cats=['Correct', 'Correct', 'Correct']
2026-03-11 05:06:09,816 | INFO |   Item3: conf=0.67 acc=1.00 cats=['Correct', 'Correct', 'Correct']
2026-03-11 05:06:15,831 | INFO |   Item4: conf=0.63 acc=1.00 cats=['Correct', 'Correct', 'Correct']
2026-03-11 05:06:20,994 | INFO |   Item5: conf=0.67 acc=1.00 cats=['Correct', 'Correct', 'Correct']
2026-03-11 05:06:26,528 | INFO |   Item6: conf=0.75 acc=1.00 cats=['Correct', 'Correct', 'Correct']
2026-03-11 05:06:32,027 | INFO |   Item7: conf=0.70 acc=1.00 cats=['Correct', 'Correct', 'Correct']
2026-03-11 05:06:37,687 | INFO |   Item8: conf=0.61 acc=1.00 cats=['Correct', 'Correct', 'Correct']
2026-03-11 05:06:43,096 | INFO |   Item9: conf=0.71 acc=1.00 cats=['Correct', 'Correct', 'Correct']
2026-03-11 05:06:48,383 | INFO |   Item10: conf=0.71 acc=1.00 cats=['Correct', 'Correct', 'Correct']
2026-03-11 05:06:53,552 | INFO |   Item11: conf=0.65 acc=1.00 cats=['Correct', 'Correct', 'Correct']
2026-03-11 05:06:58,842 | INFO |   Item12: conf=0.70 acc=1.00 cats=['Correct', 'Correct', 'Correct']
2026-03-11 05:07:04,388 | INFO |   Item13: conf=0.69 acc=1.00 cats=['Correct', 'Correct', 'Correct']
2026-03-11 05:07:10,989 | INFO |   Item14: conf=0.70 acc=1.00 cats=['Correct', 'Correct', 'Correct']
2026-03-11 05:07:17,930 | INFO |   Item15: conf=0.68 acc=1.00 cats=['Correct', 'Correct', 'Correct']
2026-03-11 05:07:22,861 | INFO |   Item16: conf=0.65 acc=1.00 cats=['Correct', 'Correct', 'Correct']
2026-03-11 05:07:28,397 | INFO |   Item17: conf=0.66 acc=1.00 cats=['Correct', 'Correct', 'Correct']
2026-03-11 05:07:34,650 | INFO |   Item18: conf=0.69 acc=1.00 cats=['Correct', 'Correct', 'Correct']
2026-03-11 05:07:40,958 | INFO |   Item19: conf=0.63 acc=1.00 cats=['Correct', 'Correct', 'Correct']
2026-03-11 05:07:49,366 | INFO |   Item20: conf=0.62 acc=1.00 cats=['Correct', 'Correct', 'Correct']
2026-03-11 05:07:54,816 | INFO |   Item21: conf=0.60 acc=1.00 cats=['Correct', 'Correct', 'Correct']
2026-03-11 05:08:00,987 | INFO |   Item22: conf=0.69 acc=1.00 cats=['Correct', 'Correct', 'Correct']
2026-03-11 05:08:06,480 | INFO |   Item23: conf=0.64 acc=1.00 cats=['Correct', 'Correct', 'Correct']
2026-03-11 05:08:12,141 | INFO |   Item24: conf=0.58 acc=1.00 cats=['Correct', 'Correct', 'Correct']
2026-03-11 05:08:18,525 | INFO |   Item25: conf=0.67 acc=1.00 cats=['Correct', 'Correct', 'Correct']
2026-03-11 05:08:24,896 | INFO |   Item26: conf=0.65 acc=0.00 cats=['Lure', 'Lure', 'Lure']
2026-03-11 05:08:30,629 | INFO |   Item27: conf=0.67 acc=0.67 cats=['Lure', 'Correct', 'Correct']
2026-03-11 05:08:36,035 | INFO |   Item28: conf=0.73 acc=1.00 cats=['Correct', 'Correct', 'Correct']
2026-03-11 05:08:42,427 | INFO |   Item29: conf=0.58 acc=1.00 cats=['Correct', 'Correct', 'Correct']
2026-03-11 05:08:48,523 | INFO |   Item30: conf=0.63 acc=1.00 cats=['Correct', 'Correct', 'Correct']
2026-03-11 05:08:55,147 | INFO |   Item31: conf=0.65 acc=0.00 cats=['Lure', 'Lure', 'Lure']
2026-03-11 05:09:00,762 | INFO |   Item32: conf=0.58 acc=1.00 cats=['Correct', 'Correct', 'Correct']
2026-03-11 05:09:06,175 | INFO |   Item33: conf=0.66 acc=1.00 cats=['Correct', 'Correct', 'Correct']
2026-03-11 05:09:10,215 | INFO |   Item34: conf=0.66 acc=1.00 cats=['Correct', 'Correct', 'Correct']
2026-03-11 05:09:15,621 | INFO |   Item35: conf=0.68 acc=1.00 cats=['Correct', 'Correct', 'Correct']
2026-03-11 05:09:21,765 | INFO |   Item36: conf=0.65 acc=1.00 cats=['Correct', 'Correct', 'Correct']
2026-03-11 05:09:26,684 | INFO |   Item37: conf=0.75 acc=1.00 cats=['Correct', 'Correct', 'Correct']
2026-03-11 05:09:33,066 | INFO |   Item38: conf=0.50 acc=1.00 cats=['Correct', 'Correct', 'Correct']
2026-03-11 05:09:39,534 | INFO |   Item39: conf=0.62 acc=1.00 cats=['Correct', 'Correct', 'Correct']
2026-03-11 05:09:46,152 | INFO |   Item40: conf=0.70 acc=1.00 cats=['Correct', 'Correct', 'Correct']
2026-03-11 05:09:52,162 | INFO |   Item41: conf=0.65 acc=1.00 cats=['Correct', 'Correct', 'Correct']
2026-03-11 05:09:58,173 | INFO |   Item42: conf=0.68 acc=1.00 cats=['Correct', 'Correct', 'Correct']
2026-03-11 05:10:03,088 | INFO |   Item43: conf=0.65 acc=1.00 cats=['Correct', 'Correct', 'Correct']
2026-03-11 05:10:08,980 | INFO |   Item44: conf=0.70 acc=1.00 cats=['Correct', 'Correct', 'Correct']
2026-03-11 05:10:14,263 | INFO |   Item45: conf=0.71 acc=1.00 cats=['Correct', 'Correct', 'Correct']
2026-03-11 05:10:20,143 | INFO |   Item46: conf=0.69 acc=1.00 cats=['Correct', 'Correct', 'Correct']
2026-03-11 05:10:26,144 | INFO |   Item47: conf=0.67 acc=1.00 cats=['Correct', 'Correct', 'Correct']
2026-03-11 05:10:31,442 | INFO |   Item48: conf=0.65 acc=1.00 cats=['Correct', 'Correct', 'Correct']
2026-03-11 05:10:37,105 | INFO |   Item49: conf=0.71 acc=1.00 cats=['Correct', 'Correct', 'Correct']
2026-03-11 05:10:41,985 | INFO |   Item50: conf=0.70 acc=1.00 cats=['Correct', 'Correct', 'Correct']
2026-03-11 05:10:49,903 | INFO |   Item51: conf=0.65 acc=1.00 cats=['Correct', 'Correct', 'Correct']
2026-03-11 05:10:56,037 | INFO |   Item52: conf=0.62 acc=1.00 cats=['Correct', 'Correct', 'Correct']
2026-03-11 05:11:01,322 | INFO |   Item53: conf=0.70 acc=1.00 cats=['Correct', 'Correct', 'Correct']
2026-03-11 05:11:06,924 | INFO |   Item54: conf=0.67 acc=1.00 cats=['Correct', 'Correct', 'Correct']
2026-03-11 05:11:12,651 | INFO |   Item55: conf=0.69 acc=1.00 cats=['Correct', 'Correct', 'Correct']
2026-03-11 05:11:18,520 | INFO |   Item56: conf=0.69 acc=1.00 cats=['Correct', 'Correct', 'Correct']
2026-03-11 05:11:23,315 | INFO |   Item57: conf=0.60 acc=1.00 cats=['Correct', 'Correct', 'Correct']
2026-03-11 05:11:29,080 | INFO |   Item58: conf=0.63 acc=1.00 cats=['Correct', 'Correct', 'Correct']
2026-03-11 05:11:34,731 | INFO |   Item59: conf=0.71 acc=1.00 cats=['Correct', 'Correct', 'Correct']
2026-03-11 05:11:41,047 | INFO |   Item60: conf=0.60 acc=1.00 cats=['Correct', 'Correct', 'Correct']
2026-03-11 05:11:46,939 | INFO |   Item61: conf=0.71 acc=0.33 cats=['Correct', 'Lure', 'Lure']
2026-03-11 05:11:52,487 | INFO |   Item62: conf=0.67 acc=0.67 cats=['Correct', 'Other', 'Correct']
2026-03-11 05:11:57,411 | INFO |   Item63: conf=0.62 acc=1.00 cats=['Correct', 'Correct', 'Correct']
2026-03-11 05:12:03,379 | INFO |   Item64: conf=0.61 acc=1.00 cats=['Correct', 'Correct', 'Correct']
2026-03-11 05:12:09,559 | INFO |   Item65: conf=0.72 acc=0.67 cats=['Correct', 'Lure', 'Correct']
2026-03-11 05:12:13,984 | INFO |   Item66: conf=0.72 acc=0.00 cats=['Lure', 'Lure', 'Lure']
2026-03-11 05:12:20,275 | INFO |   Item67: conf=0.60 acc=0.00 cats=['Other', 'Other', 'Lure']
2026-03-11 05:12:25,399 | INFO |   Item69: conf=0.63 acc=1.00 cats=['Correct', 'Correct', 'Correct']
2026-03-11 05:12:33,366 | INFO |   Item70: conf=0.57 acc=0.33 cats=['Other', 'Correct', 'Unsure']
2026-03-11 05:12:40,619 | INFO |   Item71: conf=0.62 acc=0.67 cats=['Other', 'Correct', 'Correct']
2026-03-11 05:12:48,387 | INFO |   Item72: conf=0.57 acc=0.00 cats=['Other', 'Unsure', 'Lure']
2026-03-11 05:12:54,172 | INFO |   Item73: conf=0.60 acc=0.67 cats=['Unsure', 'Correct', 'Correct']
2026-03-11 05:13:01,107 | INFO |   Item74: conf=0.56 acc=0.67 cats=['Lure', 'Correct', 'Correct']
2026-03-11 05:13:09,145 | INFO |   Item75: conf=0.65 acc=0.00 cats=['Unsure', 'Lure', 'Other']
2026-03-11 05:13:15,781 | INFO |   Item76: conf=0.63 acc=0.33 cats=['Lure', 'Lure', 'Correct']
2026-03-11 05:13:22,837 | INFO |   Item77: conf=0.59 acc=0.33 cats=['Other', 'Lure', 'Correct']
2026-03-11 05:13:30,367 | INFO |   Item78: conf=0.58 acc=0.33 cats=['Unsure', 'Other', 'Correct']
2026-03-11 05:13:37,799 | INFO |   Item79: conf=0.57 acc=0.33 cats=['Correct', 'Unsure', 'Unsure']
2026-03-11 05:13:45,356 | INFO |   Item80: conf=0.56 acc=0.00 cats=['Unsure', 'Unsure', 'Unsure']
2026-03-11 05:13:45,366 | INFO |   ctrl_random_C_EG0: L_adj=0.3884 L_raw=0.4632 ECE=0.2082 corr=0.2817 acc=0.8354
2026-03-11 05:13:45,367 | INFO | All conditions complete: 4 entries
2026-03-11 05:13:45,378 | INFO | 
Target loss:   0.2475
2026-03-11 05:13:45,378 | INFO | Control mean:  0.4101 +/- 0.0258
2026-03-11 05:13:45,378 | INFO | Control > target: 100%
2026-03-11 05:13:45,378 | INFO | SPECIFICITY CONFIRMED: Target latents outperform most controls.
2026-03-11 05:13:45,378 | INFO | Generating plots...
2026-03-11 05:13:46,480 | INFO | All plots saved to /home/cs29824/andre/sae_steering_toolkit/results/E3/plots
2026-03-11 05:13:46,480 | INFO | E3 complete.
