2026-03-11 04:31:36,413 | INFO | Logging to /home/cs29824/andre/sae_steering_toolkit/logs/E3/E3_20260311_043136.log
2026-03-11 04:31:36,414 | INFO | Optimal alpha*: unsure=60, refusal=20
2026-03-11 04:31:36,415 | INFO | Baseline accuracy by EG: {0: 0.7004219409282701}
2026-03-11 04:31:36,415 | INFO | Loading model + SAEs...
2026-03-11 04:32:41,838 | INFO | Model loaded.
2026-03-11 04:32:41,861 | INFO | Running target x EG0...
2026-03-11 04:32:44,925 | INFO |   Item1: conf=0.75 acc=1.00 cats=['Correct', 'Correct', 'Correct']
2026-03-11 04:32:50,199 | INFO |   Item2: conf=0.69 acc=1.00 cats=['Correct', 'Correct', 'Correct']
2026-03-11 04:32:55,521 | INFO |   Item3: conf=0.63 acc=1.00 cats=['Correct', 'Correct', 'Correct']
2026-03-11 04:33:00,300 | INFO |   Item4: conf=0.74 acc=1.00 cats=['Correct', 'Correct', 'Correct']
2026-03-11 04:33:05,896 | INFO |   Item5: conf=0.69 acc=1.00 cats=['Correct', 'Correct', 'Correct']
2026-03-11 04:33:12,233 | INFO |   Item6: conf=0.80 acc=1.00 cats=['Correct', 'Correct', 'Correct']
2026-03-11 04:33:15,388 | INFO |   Item7: conf=0.72 acc=1.00 cats=['Correct', 'Correct', 'Correct']
2026-03-11 04:33:21,083 | INFO |   Item8: conf=0.67 acc=1.00 cats=['Correct', 'Correct', 'Correct']
2026-03-11 04:33:27,555 | INFO |   Item9: conf=0.66 acc=0.67 cats=['Unsure', 'Correct', 'Correct']
2026-03-11 04:33:33,981 | INFO |   Item10: conf=0.70 acc=1.00 cats=['Correct', 'Correct', 'Correct']
2026-03-11 04:33:40,071 | INFO |   Item11: conf=0.70 acc=1.00 cats=['Correct', 'Correct', 'Correct']
2026-03-11 04:33:45,936 | INFO |   Item12: conf=0.75 acc=1.00 cats=['Correct', 'Correct', 'Correct']
2026-03-11 04:33:51,985 | INFO |   Item13: conf=0.70 acc=1.00 cats=['Correct', 'Correct', 'Correct']
2026-03-11 04:33:57,133 | INFO |   Item14: conf=0.62 acc=1.00 cats=['Correct', 'Correct', 'Correct']
2026-03-11 04:34:05,107 | INFO |   Item15: conf=0.67 acc=1.00 cats=['Correct', 'Correct', 'Correct']
2026-03-11 04:34:10,277 | INFO |   Item16: conf=0.75 acc=1.00 cats=['Correct', 'Correct', 'Correct']
2026-03-11 04:34:15,104 | INFO |   Item17: conf=0.65 acc=1.00 cats=['Correct', 'Correct', 'Correct']
2026-03-11 04:34:19,026 | INFO |   Item18: conf=0.81 acc=1.00 cats=['Correct', 'Correct', 'Correct']
2026-03-11 04:34:24,404 | INFO |   Item19: conf=0.71 acc=1.00 cats=['Correct', 'Correct', 'Correct']
2026-03-11 04:34:29,838 | INFO |   Item20: conf=0.69 acc=1.00 cats=['Correct', 'Correct', 'Correct']
2026-03-11 04:34:35,887 | INFO |   Item21: conf=0.65 acc=0.67 cats=['Correct', 'Correct', 'Unsure']
2026-03-11 04:34:40,575 | INFO |   Item22: conf=0.70 acc=0.67 cats=['Lure', 'Correct', 'Correct']
2026-03-11 04:34:45,069 | INFO |   Item23: conf=0.59 acc=0.33 cats=['Lure', 'Correct', 'Lure']
2026-03-11 04:34:49,606 | INFO |   Item24: conf=0.67 acc=1.00 cats=['Correct', 'Correct', 'Correct']
2026-03-11 04:34:53,649 | INFO |   Item25: conf=0.72 acc=1.00 cats=['Correct', 'Correct', 'Correct']
2026-03-11 04:34:59,151 | INFO |   Item26: conf=0.66 acc=1.00 cats=['Correct', 'Correct', 'Correct']
2026-03-11 04:35:03,965 | INFO |   Item27: conf=0.77 acc=1.00 cats=['Correct', 'Correct', 'Correct']
2026-03-11 04:35:10,314 | INFO |   Item28: conf=0.73 acc=1.00 cats=['Correct', 'Correct', 'Correct']
2026-03-11 04:35:15,109 | INFO |   Item29: conf=0.72 acc=1.00 cats=['Correct', 'Correct', 'Correct']
2026-03-11 04:35:19,520 | INFO |   Item30: conf=0.67 acc=0.67 cats=['Correct', 'Lure', 'Correct']
2026-03-11 04:35:25,365 | INFO |   Item31: conf=0.69 acc=0.67 cats=['Correct', 'Other', 'Correct']
2026-03-11 04:35:29,421 | INFO |   Item32: conf=0.72 acc=1.00 cats=['Correct', 'Correct', 'Correct']
2026-03-11 04:35:34,732 | INFO |   Item33: conf=0.73 acc=1.00 cats=['Correct', 'Correct', 'Correct']
2026-03-11 04:35:38,230 | INFO |   Item34: conf=0.68 acc=0.67 cats=['Correct', 'Correct', 'Lure']
2026-03-11 04:35:43,757 | INFO |   Item35: conf=0.65 acc=0.67 cats=['Correct', 'Lure', 'Correct']
2026-03-11 04:35:49,264 | INFO |   Item36: conf=0.65 acc=0.33 cats=['Lure', 'Lure', 'Correct']
2026-03-11 04:35:54,169 | INFO |   Item37: conf=0.75 acc=1.00 cats=['Correct', 'Correct', 'Correct']
2026-03-11 04:35:58,967 | INFO |   Item38: conf=0.73 acc=1.00 cats=['Correct', 'Correct', 'Correct']
2026-03-11 04:36:04,129 | INFO |   Item39: conf=0.73 acc=1.00 cats=['Correct', 'Correct', 'Correct']
2026-03-11 04:36:09,164 | INFO |   Item40: conf=0.73 acc=1.00 cats=['Correct', 'Correct', 'Correct']
2026-03-11 04:36:13,356 | INFO |   Item41: conf=0.76 acc=1.00 cats=['Correct', 'Correct', 'Correct']
2026-03-11 04:36:19,437 | INFO |   Item42: conf=0.72 acc=1.00 cats=['Correct', 'Correct', 'Correct']
2026-03-11 04:36:22,778 | INFO |   Item43: conf=0.81 acc=1.00 cats=['Correct', 'Correct', 'Correct']
2026-03-11 04:36:30,740 | INFO |   Item44: conf=0.74 acc=1.00 cats=['Correct', 'Correct', 'Correct']
2026-03-11 04:36:37,514 | INFO |   Item45: conf=0.70 acc=1.00 cats=['Correct', 'Correct', 'Correct']
2026-03-11 04:36:42,031 | INFO |   Item46: conf=0.71 acc=1.00 cats=['Correct', 'Correct', 'Correct']
2026-03-11 04:36:46,039 | INFO |   Item47: conf=0.70 acc=1.00 cats=['Correct', 'Correct', 'Correct']
2026-03-11 04:36:51,490 | INFO |   Item48: conf=0.63 acc=1.00 cats=['Correct', 'Correct', 'Correct']
2026-03-11 04:36:58,473 | INFO |   Item49: conf=0.68 acc=1.00 cats=['Correct', 'Correct', 'Correct']
2026-03-11 04:37:02,315 | INFO |   Item50: conf=0.72 acc=1.00 cats=['Correct', 'Correct', 'Correct']
2026-03-11 04:37:06,600 | INFO |   Item51: conf=0.72 acc=1.00 cats=['Correct', 'Correct', 'Correct']
2026-03-11 04:37:12,161 | INFO |   Item52: conf=0.73 acc=1.00 cats=['Correct', 'Correct', 'Correct']
2026-03-11 04:37:18,415 | INFO |   Item53: conf=0.75 acc=1.00 cats=['Correct', 'Correct', 'Correct']
2026-03-11 04:37:24,653 | INFO |   Item54: conf=0.71 acc=1.00 cats=['Correct', 'Correct', 'Correct']
2026-03-11 04:37:30,995 | INFO |   Item55: conf=0.75 acc=1.00 cats=['Correct', 'Correct', 'Correct']
2026-03-11 04:37:37,053 | INFO |   Item56: conf=0.74 acc=0.67 cats=['Other', 'Correct', 'Correct']
2026-03-11 04:37:42,589 | INFO |   Item57: conf=0.73 acc=1.00 cats=['Correct', 'Correct', 'Correct']
2026-03-11 04:37:48,483 | INFO |   Item58: conf=0.75 acc=1.00 cats=['Correct', 'Correct', 'Correct']
2026-03-11 04:37:54,722 | INFO |   Item59: conf=0.78 acc=1.00 cats=['Correct', 'Correct', 'Correct']
2026-03-11 04:37:59,968 | INFO |   Item60: conf=0.61 acc=1.00 cats=['Correct', 'Correct', 'Correct']
2026-03-11 04:38:05,261 | INFO |   Item61: conf=0.72 acc=1.00 cats=['Correct', 'Correct', 'Correct']
2026-03-11 04:38:10,524 | INFO |   Item62: conf=0.61 acc=0.67 cats=['Correct', 'Lure', 'Correct']
2026-03-11 04:38:17,149 | INFO |   Item63: conf=0.74 acc=1.00 cats=['Correct', 'Correct', 'Correct']
2026-03-11 04:38:21,581 | INFO |   Item64: conf=0.62 acc=0.00 cats=['Lure', 'Lure', 'Other']
2026-03-11 04:38:26,508 | INFO |   Item65: conf=0.66 acc=1.00 cats=['Correct', 'Correct', 'Correct']
2026-03-11 04:38:30,826 | INFO |   Item66: conf=0.74 acc=0.00 cats=['Lure', 'Lure', 'Lure']
2026-03-11 04:38:35,566 | INFO |   Item67: conf=0.67 acc=0.00 cats=['Lure', 'Other', 'Lure']
2026-03-11 04:38:41,202 | INFO |   Item69: conf=0.67 acc=0.67 cats=['Other', 'Correct', 'Correct']
2026-03-11 04:38:46,543 | INFO |   Item70: conf=0.63 acc=0.67 cats=['Unsure', 'Correct', 'Correct']
2026-03-11 04:38:52,197 | INFO |   Item71: conf=0.57 acc=0.67 cats=['Correct', 'Unsure', 'Correct']
2026-03-11 04:38:58,719 | INFO |   Item72: conf=0.53 acc=0.00 cats=['Unsure', 'Lure', 'Lure']
2026-03-11 04:39:05,105 | INFO |   Item73: conf=0.60 acc=0.33 cats=['Lure', 'Other', 'Correct']
2026-03-11 04:39:09,198 | INFO |   Item74: conf=0.68 acc=0.67 cats=['Correct', 'Correct', 'Other']
2026-03-11 04:39:16,242 | INFO |   Item75: conf=0.62 acc=0.33 cats=['Lure', 'Unsure', 'Correct']
2026-03-11 04:39:23,658 | INFO |   Item76: conf=0.62 acc=0.67 cats=['Correct', 'Correct', 'Lure']
2026-03-11 04:39:30,773 | INFO |   Item77: conf=0.54 acc=0.33 cats=['Unsure', 'Correct', 'Lure']
2026-03-11 04:39:36,520 | INFO |   Item78: conf=0.56 acc=0.33 cats=['Other', 'Correct', 'Other']
2026-03-11 04:39:43,066 | INFO |   Item79: conf=0.53 acc=0.33 cats=['Other', 'Correct', 'Other']
2026-03-11 04:39:50,247 | INFO |   Item80: conf=0.55 acc=0.33 cats=['Other', 'Unsure', 'Correct']
2026-03-11 04:39:50,255 | INFO |   target_EG0: L_adj=0.2475 L_raw=0.2907 ECE=0.2064 corr=0.6250 acc=0.8228
2026-03-11 04:39:50,255 | INFO | Running ctrl_topic_A x EG0...
2026-03-11 04:39:55,282 | INFO |   Item1: conf=0.66 acc=1.00 cats=['Correct', 'Correct', 'Correct']
2026-03-11 04:40:00,328 | INFO |   Item2: conf=0.68 acc=1.00 cats=['Correct', 'Correct', 'Correct']
2026-03-11 04:40:05,724 | INFO |   Item3: conf=0.65 acc=1.00 cats=['Correct', 'Correct', 'Correct']
2026-03-11 04:40:11,858 | INFO |   Item4: conf=0.66 acc=1.00 cats=['Correct', 'Correct', 'Correct']
2026-03-11 04:40:17,259 | INFO |   Item5: conf=0.72 acc=1.00 cats=['Correct', 'Correct', 'Correct']
2026-03-11 04:40:22,663 | INFO |   Item6: conf=0.74 acc=1.00 cats=['Correct', 'Correct', 'Correct']
2026-03-11 04:40:25,977 | INFO |   Item7: conf=0.72 acc=1.00 cats=['Correct', 'Correct', 'Correct']
2026-03-11 04:40:31,879 | INFO |   Item8: conf=0.59 acc=1.00 cats=['Correct', 'Correct', 'Correct']
2026-03-11 04:40:37,048 | INFO |   Item9: conf=0.70 acc=1.00 cats=['Correct', 'Correct', 'Correct']
2026-03-11 04:40:43,661 | INFO |   Item10: conf=0.62 acc=1.00 cats=['Correct', 'Correct', 'Correct']
2026-03-11 04:40:49,422 | INFO |   Item11: conf=0.72 acc=0.67 cats=['Unsure', 'Correct', 'Correct']
2026-03-11 04:40:55,555 | INFO |   Item12: conf=0.67 acc=1.00 cats=['Correct', 'Correct', 'Correct']
2026-03-11 04:40:59,648 | INFO |   Item13: conf=0.78 acc=1.00 cats=['Correct', 'Correct', 'Correct']
2026-03-11 04:41:06,851 | INFO |   Item14: conf=0.61 acc=1.00 cats=['Correct', 'Correct', 'Correct']
2026-03-11 04:41:12,275 | INFO |   Item15: conf=0.67 acc=1.00 cats=['Correct', 'Correct', 'Correct']
2026-03-11 04:41:16,967 | INFO |   Item16: conf=0.69 acc=1.00 cats=['Correct', 'Correct', 'Correct']
2026-03-11 04:41:22,267 | INFO |   Item17: conf=0.66 acc=1.00 cats=['Correct', 'Correct', 'Correct']
2026-03-11 04:41:26,835 | INFO |   Item18: conf=0.76 acc=1.00 cats=['Correct', 'Correct', 'Correct']
2026-03-11 04:41:32,426 | INFO |   Item19: conf=0.67 acc=1.00 cats=['Correct', 'Correct', 'Correct']
2026-03-11 04:41:38,791 | INFO |   Item20: conf=0.70 acc=1.00 cats=['Correct', 'Correct', 'Correct']
2026-03-11 04:41:44,475 | INFO |   Item21: conf=0.69 acc=1.00 cats=['Correct', 'Correct', 'Correct']
2026-03-11 04:41:50,307 | INFO |   Item22: conf=0.73 acc=0.00 cats=['Other', 'Lure', 'Other']
2026-03-11 04:41:57,880 | INFO |   Item23: conf=0.66 acc=0.00 cats=['Lure', 'Unsure', 'Lure']
2026-03-11 04:42:02,086 | INFO |   Item24: conf=0.71 acc=1.00 cats=['Correct', 'Correct', 'Correct']
2026-03-11 04:42:06,848 | INFO |   Item25: conf=0.69 acc=0.67 cats=['Other', 'Correct', 'Correct']
2026-03-11 04:42:10,679 | INFO |   Item26: conf=0.70 acc=1.00 cats=['Correct', 'Correct', 'Correct']
2026-03-11 04:42:15,115 | INFO |   Item27: conf=0.78 acc=1.00 cats=['Correct', 'Correct', 'Correct']
2026-03-11 04:42:21,428 | INFO |   Item28: conf=0.73 acc=0.33 cats=['Lure', 'Other', 'Correct']
2026-03-11 04:42:26,507 | INFO |   Item29: conf=0.68 acc=0.33 cats=['Lure', 'Lure', 'Correct']
2026-03-11 04:42:31,149 | INFO |   Item30: conf=0.64 acc=1.00 cats=['Correct', 'Correct', 'Correct']
2026-03-11 04:42:36,194 | INFO |   Item31: conf=0.71 acc=0.33 cats=['Correct', 'Lure', 'Lure']
2026-03-11 04:42:41,452 | INFO |   Item32: conf=0.71 acc=0.67 cats=['Correct', 'Lure', 'Correct']
2026-03-11 04:42:45,374 | INFO |   Item33: conf=0.76 acc=1.00 cats=['Correct', 'Correct', 'Correct']
2026-03-11 04:42:50,046 | INFO |   Item34: conf=0.70 acc=0.00 cats=['Lure', 'Lure', 'Lure']
2026-03-11 04:42:56,414 | INFO |   Item35: conf=0.74 acc=1.00 cats=['Correct', 'Correct', 'Correct']
2026-03-11 04:43:03,229 | INFO |   Item36: conf=0.64 acc=0.67 cats=['Correct', 'Correct', 'Unsure']
2026-03-11 04:43:07,416 | INFO |   Item37: conf=0.75 acc=1.00 cats=['Correct', 'Correct', 'Correct']
2026-03-11 04:43:11,383 | INFO |   Item38: conf=0.73 acc=1.00 cats=['Correct', 'Correct', 'Correct']
2026-03-11 04:43:17,598 | INFO |   Item39: conf=0.72 acc=0.00 cats=['Other', 'Other', 'Lure']
2026-03-11 04:43:23,353 | INFO |   Item40: conf=0.72 acc=0.33 cats=['Lure', 'Correct', 'Lure']
2026-03-11 04:43:27,304 | INFO |   Item41: conf=0.72 acc=1.00 cats=['Correct', 'Correct', 'Correct']
2026-03-11 04:43:33,059 | INFO |   Item42: conf=0.71 acc=1.00 cats=['Correct', 'Correct', 'Correct']
2026-03-11 04:43:37,262 | INFO |   Item43: conf=0.71 acc=1.00 cats=['Correct', 'Correct', 'Correct']
2026-03-11 04:43:43,790 | INFO |   Item44: conf=0.71 acc=1.00 cats=['Correct', 'Correct', 'Correct']
2026-03-11 04:43:48,959 | INFO |   Item45: conf=0.72 acc=1.00 cats=['Correct', 'Correct', 'Correct']
2026-03-11 04:43:53,272 | INFO |   Item46: conf=0.68 acc=1.00 cats=['Correct', 'Correct', 'Correct']
2026-03-11 04:43:58,815 | INFO |   Item47: conf=0.66 acc=1.00 cats=['Correct', 'Correct', 'Correct']
2026-03-11 04:44:04,349 | INFO |   Item48: conf=0.63 acc=1.00 cats=['Correct', 'Correct', 'Correct']
2026-03-11 04:44:09,530 | INFO |   Item49: conf=0.69 acc=1.00 cats=['Correct', 'Correct', 'Correct']
2026-03-11 04:44:15,163 | INFO |   Item50: conf=0.71 acc=1.00 cats=['Correct', 'Correct', 'Correct']
2026-03-11 04:44:21,455 | INFO |   Item51: conf=0.65 acc=1.00 cats=['Correct', 'Correct', 'Correct']
2026-03-11 04:44:28,381 | INFO |   Item52: conf=0.65 acc=1.00 cats=['Correct', 'Correct', 'Correct']
