2026-03-10 23:44:38,088 | INFO | Logging to /home/cs29824/andre/sae_steering_toolkit/logs/E2/E2_20260310_234438.log
2026-03-10 23:44:38,089 | INFO | Loading model + SAEs...
2026-03-10 23:45:53,465 | INFO | Model loaded.
2026-03-10 23:45:53,526 | INFO | Human norms loaded: [80] items per EG
2026-03-10 23:45:53,526 | INFO | Grid: 5 x 5 = 25 configs
2026-03-10 23:45:53,526 | INFO | EG0: Loaded 4/25 cached configs
2026-03-10 23:55:48,422 | INFO |   EG0 alpha=(0,120): L=0.3578 ECE=0.2050 r=0.4894
2026-03-11 00:04:51,207 | INFO |   EG0 alpha=(20,0): L=0.4633 ECE=0.2014 r=0.2748
2026-03-11 00:13:13,758 | INFO |   EG0 alpha=(20,20): L=0.4541 ECE=0.2023 r=0.2942
2026-03-11 00:21:49,908 | INFO |   EG0 alpha=(20,40): L=0.4101 ECE=0.2067 r=0.3864
2026-03-11 00:30:32,790 | INFO |   EG0 alpha=(20,60): L=0.3917 ECE=0.2022 r=0.4188
2026-03-11 00:40:51,576 | INFO |   EG0 alpha=(20,120): L=0.3842 ECE=0.2082 r=0.4399
2026-03-11 00:49:50,457 | INFO |   EG0 alpha=(40,0): L=0.3702 ECE=0.2006 r=0.4602
2026-03-11 00:58:33,645 | INFO |   EG0 alpha=(40,20): L=0.4186 ECE=0.2040 r=0.3668
2026-03-11 01:06:55,676 | INFO |   EG0 alpha=(40,40): L=0.3507 ECE=0.2003 r=0.4990
2026-03-11 01:16:01,488 | INFO |   EG0 alpha=(40,60): L=0.3996 ECE=0.2044 r=0.4052
2026-03-11 01:26:32,098 | INFO |   EG0 alpha=(40,120): L=0.3757 ECE=0.2085 r=0.4571
2026-03-11 01:35:17,179 | INFO |   EG0 alpha=(60,0): L=0.3270 ECE=0.2013 r=0.5474
2026-03-11 01:43:37,404 | INFO |   EG0 alpha=(60,20): L=0.2821 ECE=0.2066 r=0.6424
2026-03-11 01:52:19,185 | INFO |   EG0 alpha=(60,40): L=0.3401 ECE=0.2122 r=0.5321
2026-03-11 02:01:18,465 | INFO |   EG0 alpha=(60,60): L=0.4014 ECE=0.2037 r=0.4010
2026-03-11 02:13:31,112 | INFO |   EG0 alpha=(60,120): L=0.2963 ECE=0.2068 r=0.6141
2026-03-11 02:24:23,709 | INFO |   EG0 alpha=(120,0): L=0.2667 ECE=0.2014 r=0.6680
2026-03-11 02:36:12,369 | INFO |   EG0 alpha=(120,20): L=0.3040 ECE=0.2053 r=0.5973
